<?xml version="1.0" encoding="UTF-8"?>
<!-- Generated by org.testng.reporters.JUnitReportReporter -->
<testsuite hostname="Sreeni" name="com.crm.vtiger.GenericUtils.JavaUtility" tests="1" failures="0" timestamp="28 Apr 2021 09:17:43 GMT" time="0.033" errors="0">
  <testcase name="getRandomData" time="0.033" classname="com.crm.vtiger.GenericUtils.JavaUtility"/>
</testsuite> <!-- com.crm.vtiger.GenericUtils.JavaUtility -->
