<?xml version="1.0" encoding="UTF-8"?>
<!-- Generated by org.testng.reporters.JUnitReportReporter -->
<testsuite hostname="Sreeni" name="com.crm.vtigerTests.CreateOrgWithIndustryTest" tests="1" failures="0" timestamp="28 Apr 2021 10:58:10 GMT" time="56.697" errors="0">
  <testcase name="createOrgWithIndustry" time="56.697" classname="com.crm.vtigerTests.CreateOrgWithIndustryTest"/>
</testsuite> <!-- com.crm.vtigerTests.CreateOrgWithIndustryTest -->
