<?xml version="1.0" encoding="UTF-8"?>
<!-- Generated by org.testng.reporters.JUnitReportReporter -->
<testsuite hostname="Sreeni" name="com.crm.SDET_13.CaptureDynamicWebTable" tests="1" failures="0" timestamp="27 Apr 2021 10:17:36 GMT" time="103.613" errors="0">
  <testcase name="captureOrgName" time="103.613" classname="com.crm.SDET_13.CaptureDynamicWebTable"/>
</testsuite> <!-- com.crm.SDET_13.CaptureDynamicWebTable -->
