<?xml version="1.0" encoding="UTF-8"?>
<!-- Generated by org.testng.reporters.JUnitReportReporter -->
<testsuite hostname="Sreeni" name="com.crm.vtigerTests.CreateContactWithOrganizationTest" tests="1" failures="0" timestamp="28 Apr 2021 10:49:41 GMT" time="51.957" errors="0">
  <testcase name="createContactWithOrg" time="51.957" classname="com.crm.vtigerTests.CreateContactWithOrganizationTest"/>
</testsuite> <!-- com.crm.vtigerTests.CreateContactWithOrganizationTest -->
