<?xml version="1.0" encoding="UTF-8"?>
<!-- Generated by org.testng.reporters.JUnitReportReporter -->
<testsuite hostname="DESKTOP-8S455D7" failures="0" tests="2" name="SampleTest" time="0.054" errors="0" timestamp="2021-05-03T11:35:15 IST" skipped="0">
  <testcase classname="SampleTest" name="createOrgWithIndutries" time="0.017"/>
  <system-out/>
  <testcase classname="SampleTest" name="creatOrg" time="0.037"/>
  <system-out/>
</testsuite> <!-- SampleTest -->
