<?xml version="1.0" encoding="UTF-8"?>
<!-- Generated by org.testng.reporters.JUnitReportReporter -->
<testsuite hostname="DESKTOP-E70BQ0E" failures="0" tests="1" name="com.crm.vtigerTests.TC_51_SearchLeadByAnnualRev_Test" time="35.728" errors="0" timestamp="2021-05-06T09:27:41 IST" skipped="0">
  <testcase classname="com.crm.vtigerTests.TC_51_SearchLeadByAnnualRev_Test" name="TC_51_search_lead_byannualrev_Test" time="35.728"/>
  <system-out/>
</testsuite> <!-- com.crm.vtigerTests.TC_51_SearchLeadByAnnualRev_Test -->
