<?xml version="1.0" encoding="UTF-8"?>
<!-- Generated by org.testng.reporters.JUnitReportReporter -->
<testsuite hostname="DESKTOP-8S455D7" failures="0" tests="2" name="com.comcast.crm.organizationtest.CreateOrganizationTest" time="80.575" errors="0" timestamp="2021-05-03T16:03:28 IST" skipped="0">
  <testcase classname="com.comcast.crm.organizationtest.CreateOrganizationTest" name="createOrgWithIndustryTest" time="47.154"/>
  <system-out>
the expected data is[ ACC16 ] Test Yantra151 - Organization Information  </system-out>
  <testcase classname="com.comcast.crm.organizationtest.CreateOrganizationTest" name="createOrganizationTest" time="33.421"/>
  <system-out>
organization page found click on create organization create organization with organization name click on save the expected data is[ ACC17 ] Test Yantra660 - Organization Information  </system-out>
</testsuite> <!-- com.comcast.crm.organizationtest.CreateOrganizationTest -->
