<?xml version="1.0" encoding="UTF-8"?>
<!-- Generated by org.testng.reporters.JUnitReportReporter -->
<testsuite hostname="DESKTOP-8S455D7" failures="0" tests="4" name="testng.pratice.CreateNewOrgtest" time="0.033" errors="0" timestamp="2021-05-03T12:44:37 IST" skipped="3">
  <testcase classname="testng.pratice.CreateNewOrgtest" name="deleteOrgTest" time="0.033"/>
  <system-out/>
  <testcase classname="testng.pratice.CreateNewOrgtest" name="creatOrgtest">
    <skipped/>
  </testcase> <!-- creatOrgtest -->
  <system-out/>
  <testcase classname="testng.pratice.CreateNewOrgtest" name="searchOrgTest">
    <skipped/>
  </testcase> <!-- searchOrgTest -->
  <system-out/>
  <testcase classname="testng.pratice.CreateNewOrgtest" name="editOrgTest">
    <skipped/>
  </testcase> <!-- editOrgTest -->
  <system-out/>
</testsuite> <!-- testng.pratice.CreateNewOrgtest -->
