<?xml version="1.0" encoding="UTF-8"?>
<!-- Generated by org.testng.reporters.JUnitReportReporter -->
<testsuite hostname="DESKTOP-E70BQ0E" failures="0" tests="1" name="com.crm.vtigerTests.TC_52_SearchLeadByCreatedtime_Test" time="35.189" errors="0" timestamp="2021-05-06T01:17:46 IST" skipped="0">
  <testcase classname="com.crm.vtigerTests.TC_52_SearchLeadByCreatedtime_Test" name="TC_52_search_lead_bycreatedtime_Test" time="35.189"/>
  <system-out/>
</testsuite> <!-- com.crm.vtigerTests.TC_52_SearchLeadByCreatedtime_Test -->
