<?xml version="1.0" encoding="UTF-8"?>
<!-- Generated by org.testng.reporters.JUnitReportReporter -->
<testsuite hostname="Sreeni" name="com.crm.SDET_13.DatabaseUtils" tests="1" failures="0" timestamp="26 Apr 2021 09:41:12 GMT" time="2.204" errors="0">
  <testcase name="getExecuteUpdate" time="2.204" classname="com.crm.SDET_13.DatabaseUtils"/>
</testsuite> <!-- com.crm.SDET_13.DatabaseUtils -->
