<?xml version="1.0" encoding="UTF-8"?>
<!-- Generated by org.testng.reporters.JUnitReportReporter -->
<testsuite hostname="Sreeni" name="com.crm.vtigerTests.CreateOrganizationTest" tests="1" failures="0" timestamp="28 Apr 2021 09:24:40 GMT" time="56.032" errors="0">
  <testcase name="createOrganization" time="56.032" classname="com.crm.vtigerTests.CreateOrganizationTest"/>
</testsuite> <!-- com.crm.vtigerTests.CreateOrganizationTest -->
